Flow report for Laboratoire2
Thu Dec 12 17:41:25 2024
Quartus II 64-Bit Version 13.1.0 Build 162 10/23/2013 SJ Web Edition


---------------------
; Table of Contents ;
---------------------
  1. Legal Notice
  2. Flow Summary
  3. Flow Settings
  4. Flow Non-Default Global Settings
  5. Flow Elapsed Time
  6. Flow OS Summary
  7. Flow Log
  8. Flow Messages
  9. Flow Suppressed Messages



----------------
; Legal Notice ;
----------------
Copyright (C) 1991-2013 Altera Corporation
Your use of Altera Corporation's design tools, logic functions 
and other software and tools, and its AMPP partner logic 
functions, and any output files from any of the foregoing 
(including device programming or simulation files), and any 
associated documentation or information are expressly subject 
to the terms and conditions of the Altera Program License 
Subscription Agreement, Altera MegaCore Function License 
Agreement, or other applicable license agreement, including, 
without limitation, that your use is for the sole purpose of 
programming logic devices manufactured by Altera and sold by 
Altera or its authorized distributors.  Please refer to the 
applicable agreement for further details.



+---------------------------------------------------------------------------------+
; Flow Summary                                                                    ;
+------------------------------------+--------------------------------------------+
; Flow Status                        ; Successful - Thu Dec 12 17:41:25 2024      ;
; Quartus II 64-Bit Version          ; 13.1.0 Build 162 10/23/2013 SJ Web Edition ;
; Revision Name                      ; Laboratoire2                               ;
; Top-level Entity Name              ; Processor_MIPS_with_Pipelines_diagram      ;
; Family                             ; Cyclone IV E                               ;
; Device                             ; EP4CE115F29C7                              ;
; Timing Models                      ; Final                                      ;
; Total logic elements               ; 433 / 114,480 ( < 1 % )                    ;
;     Total combinational functions  ; 317 / 114,480 ( < 1 % )                    ;
;     Dedicated logic registers      ; 276 / 114,480 ( < 1 % )                    ;
; Total registers                    ; 276                                        ;
; Total pins                         ; 198 / 529 ( 37 % )                         ;
; Total virtual pins                 ; 0                                          ;
; Total memory bits                  ; 10,240 / 3,981,312 ( < 1 % )               ;
; Embedded Multiplier 9-bit elements ; 0 / 532 ( 0 % )                            ;
; Total PLLs                         ; 0 / 4 ( 0 % )                              ;
+------------------------------------+--------------------------------------------+


+-----------------------------------------+
; Flow Settings                           ;
+-------------------+---------------------+
; Option            ; Setting             ;
+-------------------+---------------------+
; Start date & time ; 12/12/2024 17:40:29 ;
; Main task         ; Compilation         ;
; Revision Name     ; Laboratoire2        ;
+-------------------+---------------------+


+------------------------------------------------------------------------------------------------------------------------------------------------------------------------+
; Flow Non-Default Global Settings                                                                                                                                       ;
+-------------------------------------+---------------------------------------------------------+---------------+---------------------------------------+----------------+
; Assignment Name                     ; Value                                                   ; Default Value ; Entity Name                           ; Section Id     ;
+-------------------------------------+---------------------------------------------------------+---------------+---------------------------------------+----------------+
; COMPILER_SIGNATURE_ID               ; 36015905220069.173404322913924                          ; --            ; --                                    ; --             ;
; EDA_GENERATE_FUNCTIONAL_NETLIST     ; On                                                      ; --            ; --                                    ; eda_simulation ;
; EDA_NETLIST_WRITER_OUTPUT_DIR       ; D:/C_hakim/Cours_uottawa/CEG_3556/Lab2/simulation/qsim/ ; --            ; --                                    ; eda_simulation ;
; EDA_OUTPUT_DATA_FORMAT              ; Verilog Hdl                                             ; --            ; --                                    ; eda_simulation ;
; EDA_SIMULATION_TOOL                 ; ModelSim-Altera (Verilog)                               ; <None>        ; --                                    ; --             ;
; EDA_TIME_SCALE                      ; 1 ps                                                    ; --            ; --                                    ; eda_simulation ;
; IP_TOOL_NAME                        ; ROM: 1-PORT                                             ; --            ; --                                    ; --             ;
; IP_TOOL_NAME                        ; RAM: 1-PORT                                             ; --            ; --                                    ; --             ;
; IP_TOOL_VERSION                     ; 13.1                                                    ; --            ; --                                    ; --             ;
; IP_TOOL_VERSION                     ; 13.1                                                    ; --            ; --                                    ; --             ;
; MAX_CORE_JUNCTION_TEMP              ; 85                                                      ; --            ; --                                    ; --             ;
; MIN_CORE_JUNCTION_TEMP              ; 0                                                       ; --            ; --                                    ; --             ;
; MISC_FILE                           ; INSTRUCTION_MEMORY.bsf                                  ; --            ; --                                    ; --             ;
; MISC_FILE                           ; INSTRUCTION_MEMORY_inst.vhd                             ; --            ; --                                    ; --             ;
; MISC_FILE                           ; INSTRUCTION_MEMORY.inc                                  ; --            ; --                                    ; --             ;
; MISC_FILE                           ; INSTRUCTION_MEMORY.cmp                                  ; --            ; --                                    ; --             ;
; MISC_FILE                           ; DATA_MEMORY.bsf                                         ; --            ; --                                    ; --             ;
; MISC_FILE                           ; DATA_MEMORY_inst.vhd                                    ; --            ; --                                    ; --             ;
; MISC_FILE                           ; DATA_MEMORY.inc                                         ; --            ; --                                    ; --             ;
; MISC_FILE                           ; DATA_MEMORY.cmp                                         ; --            ; --                                    ; --             ;
; NOMINAL_CORE_SUPPLY_VOLTAGE         ; 1.2V                                                    ; --            ; --                                    ; --             ;
; PARTITION_COLOR                     ; 16764057                                                ; --            ; Processor_MIPS_with_Pipelines_diagram ; Top            ;
; PARTITION_FITTER_PRESERVATION_LEVEL ; PLACEMENT_AND_ROUTING                                   ; --            ; Processor_MIPS_with_Pipelines_diagram ; Top            ;
; PARTITION_NETLIST_TYPE              ; SOURCE                                                  ; --            ; Processor_MIPS_with_Pipelines_diagram ; Top            ;
; PROJECT_OUTPUT_DIRECTORY            ; output_files                                            ; --            ; --                                    ; --             ;
; TOP_LEVEL_ENTITY                    ; Processor_MIPS_with_Pipelines_diagram                   ; Laboratoire2  ; --                                    ; --             ;
+-------------------------------------+---------------------------------------------------------+---------------+---------------------------------------+----------------+


+-------------------------------------------------------------------------------------------------------------------------------+
; Flow Elapsed Time                                                                                                             ;
+---------------------------+--------------+-------------------------+---------------------+------------------------------------+
; Module Name               ; Elapsed Time ; Average Processors Used ; Peak Virtual Memory ; Total CPU Time (on all processors) ;
+---------------------------+--------------+-------------------------+---------------------+------------------------------------+
; Analysis & Synthesis      ; 00:00:06     ; 1.0                     ; 4696 MB             ; 00:00:01                           ;
; Fitter                    ; 00:00:32     ; 1.0                     ; 5145 MB             ; 00:00:14                           ;
; Assembler                 ; 00:00:04     ; 1.0                     ; 4602 MB             ; 00:00:02                           ;
; TimeQuest Timing Analyzer ; 00:00:03     ; 1.0                     ; 4700 MB             ; 00:00:01                           ;
; EDA Netlist Writer        ; 00:00:00     ; 1.0                     ; 4554 MB             ; 00:00:00                           ;
; Total                     ; 00:00:45     ; --                      ; --                  ; 00:00:18                           ;
+---------------------------+--------------+-------------------------+---------------------+------------------------------------+


+----------------------------------------------------------------------------------------+
; Flow OS Summary                                                                        ;
+---------------------------+------------------+-----------+------------+----------------+
; Module Name               ; Machine Hostname ; OS Name   ; OS Version ; Processor type ;
+---------------------------+------------------+-----------+------------+----------------+
; Analysis & Synthesis      ; Hakim-PC         ; Windows 7 ; 6.2        ; x86_64         ;
; Fitter                    ; Hakim-PC         ; Windows 7 ; 6.2        ; x86_64         ;
; Assembler                 ; Hakim-PC         ; Windows 7 ; 6.2        ; x86_64         ;
; TimeQuest Timing Analyzer ; Hakim-PC         ; Windows 7 ; 6.2        ; x86_64         ;
; EDA Netlist Writer        ; Hakim-PC         ; Windows 7 ; 6.2        ; x86_64         ;
+---------------------------+------------------+-----------+------------+----------------+


------------
; Flow Log ;
------------
quartus_map --read_settings_files=on --write_settings_files=off Laboratoire2 -c Laboratoire2
quartus_fit --read_settings_files=off --write_settings_files=off Laboratoire2 -c Laboratoire2
quartus_asm --read_settings_files=off --write_settings_files=off Laboratoire2 -c Laboratoire2
quartus_sta Laboratoire2 -c Laboratoire2
quartus_eda --read_settings_files=off --write_settings_files=off Laboratoire2 -c Laboratoire2



